Setting Active Processor Count to 4
Calculating JVM memory based on 15580560K available memory
Calculated JVM Memory Configuration: -XX:MaxDirectMemorySize=10M -Xmx14965900K -XX:MaxMetaspaceSize=102659K -XX:ReservedCodeCacheSize=240M -Xss1M (Total Memory: 15580560K, Thread Count: 250, Loaded Class Count: 15711, Headroom: 0%)
Adding 129 container CA certificates to JVM truststore
Spring Cloud Bindings Enabled
Picked up JAVA_TOOL_OPTIONS: -Djava.security.properties=/layers/paketo-buildpacks_bellsoft-liberica/java-security-properties/java-security.properties -agentpath:/layers/paketo-buildpacks_bellsoft-liberica/jvmkill/jvmkill-1.16.0-RELEASE.so=printHeapHistogram=1 -XX:ActiveProcessorCount=4 -XX:MaxDirectMemorySize=10M -Xmx14965900K -XX:MaxMetaspaceSize=102659K -XX:ReservedCodeCacheSize=240M -Xss1M -Dorg.springframework.cloud.bindings.boot.enable=true

  .   ____          _            __ _ _
 /\\ / ___'_ __ _ _(_)_ __  __ _ \ \ \ \
( ( )\___ | '_ | '_| | '_ \/ _` | \ \ \ \
 \\/  ___)| |_)| | | | | || (_| |  ) ) ) )
  '  |____| .__|_| |_|_| |_\__, | / / / /
 =========|_|==============|___/=/_/_/_/
[32m :: Spring Boot :: [39m              [2m (v2.4.5)[0;39m

[2m2021-05-04 00:39:36.391[0;39m [32m INFO[0;39m [35m1[0;39m [2m---[0;39m [2m[           main][0;39m [36mcom.tmi.tmi.TmiApplication              [0;39m [2m:[0;39m Starting TmiApplication v0.0.1-SNAPSHOT using Java 1.8.0_292 on a504db4cacdc with PID 1 (/workspace/BOOT-INF/classes started by cnb in /workspace)
[2m2021-05-04 00:39:36.394[0;39m [32m INFO[0;39m [35m1[0;39m [2m---[0;39m [2m[           main][0;39m [36mcom.tmi.tmi.TmiApplication              [0;39m [2m:[0;39m No active profile set, falling back to default profiles: default
[2m2021-05-04 00:39:37.068[0;39m [32m INFO[0;39m [35m1[0;39m [2m---[0;39m [2m[           main][0;39m [36m.s.d.r.c.RepositoryConfigurationDelegate[0;39m [2m:[0;39m Bootstrapping Spring Data MongoDB repositories in DEFAULT mode.
[2m2021-05-04 00:39:37.119[0;39m [32m INFO[0;39m [35m1[0;39m [2m---[0;39m [2m[           main][0;39m [36m.s.d.r.c.RepositoryConfigurationDelegate[0;39m [2m:[0;39m Finished Spring Data repository scanning in 46 ms. Found 2 MongoDB repository interfaces.
[2m2021-05-04 00:39:37.705[0;39m [32m INFO[0;39m [35m1[0;39m [2m---[0;39m [2m[           main][0;39m [36mo.s.b.w.embedded.tomcat.TomcatWebServer [0;39m [2m:[0;39m Tomcat initialized with port(s): 8080 (http)
[2m2021-05-04 00:39:37.716[0;39m [32m INFO[0;39m [35m1[0;39m [2m---[0;39m [2m[           main][0;39m [36mo.apache.catalina.core.StandardService  [0;39m [2m:[0;39m Starting service [Tomcat]
[2m2021-05-04 00:39:37.717[0;39m [32m INFO[0;39m [35m1[0;39m [2m---[0;39m [2m[           main][0;39m [36morg.apache.catalina.core.StandardEngine [0;39m [2m:[0;39m Starting Servlet engine: [Apache Tomcat/9.0.45]
[2m2021-05-04 00:39:37.767[0;39m [32m INFO[0;39m [35m1[0;39m [2m---[0;39m [2m[           main][0;39m [36mo.a.c.c.C.[Tomcat].[localhost].[/]      [0;39m [2m:[0;39m Initializing Spring embedded WebApplicationContext
[2m2021-05-04 00:39:37.767[0;39m [32m INFO[0;39m [35m1[0;39m [2m---[0;39m [2m[           main][0;39m [36mw.s.c.ServletWebServerApplicationContext[0;39m [2m:[0;39m Root WebApplicationContext: initialization completed in 1291 ms
[2m2021-05-04 00:39:37.948[0;39m [32m INFO[0;39m [35m1[0;39m [2m---[0;39m [2m[           main][0;39m [36morg.mongodb.driver.cluster              [0;39m [2m:[0;39m Cluster created with settings {hosts=[k4a2011.p.ssafy.io:27017], mode=SINGLE, requiredClusterType=UNKNOWN, serverSelectionTimeout='30000 ms'}
[2m2021-05-04 00:39:38.017[0;39m [32m INFO[0;39m [35m1[0;39m [2m---[0;39m [2m[.ssafy.io:27017][0;39m [36morg.mongodb.driver.connection           [0;39m [2m:[0;39m Opened connection [connectionId{localValue:2, serverValue:1122}] to k4a2011.p.ssafy.io:27017
[2m2021-05-04 00:39:38.017[0;39m [32m INFO[0;39m [35m1[0;39m [2m---[0;39m [2m[.ssafy.io:27017][0;39m [36morg.mongodb.driver.connection           [0;39m [2m:[0;39m Opened connection [connectionId{localValue:1, serverValue:1123}] to k4a2011.p.ssafy.io:27017
[2m2021-05-04 00:39:38.017[0;39m [32m INFO[0;39m [35m1[0;39m [2m---[0;39m [2m[.ssafy.io:27017][0;39m [36morg.mongodb.driver.cluster              [0;39m [2m:[0;39m Monitor thread successfully connected to server with description ServerDescription{address=k4a2011.p.ssafy.io:27017, type=STANDALONE, state=CONNECTED, ok=true, minWireVersion=0, maxWireVersion=9, maxDocumentSize=16777216, logicalSessionTimeoutMinutes=30, roundTripTimeNanos=20250576}
[2m2021-05-04 00:39:38.695[0;39m [32m INFO[0;39m [35m1[0;39m [2m---[0;39m [2m[           main][0;39m [36mpertySourcedRequestMappingHandlerMapping[0;39m [2m:[0;39m Mapped URL path [/v2/api-docs] onto method [springfox.documentation.swagger2.web.Swagger2Controller#getDocumentation(String, HttpServletRequest)]
[2m2021-05-04 00:39:38.779[0;39m [32m INFO[0;39m [35m1[0;39m [2m---[0;39m [2m[           main][0;39m [36mo.s.s.concurrent.ThreadPoolTaskExecutor [0;39m [2m:[0;39m Initializing ExecutorService 'applicationTaskExecutor'
[2m2021-05-04 00:39:38.920[0;39m [32m INFO[0;39m [35m1[0;39m [2m---[0;39m [2m[           main][0;39m [36mo.s.b.w.embedded.tomcat.TomcatWebServer [0;39m [2m:[0;39m Tomcat started on port(s): 8080 (http) with context path ''
[2m2021-05-04 00:39:38.921[0;39m [32m INFO[0;39m [35m1[0;39m [2m---[0;39m [2m[           main][0;39m [36md.s.w.p.DocumentationPluginsBootstrapper[0;39m [2m:[0;39m Context refreshed
[2m2021-05-04 00:39:38.945[0;39m [32m INFO[0;39m [35m1[0;39m [2m---[0;39m [2m[           main][0;39m [36md.s.w.p.DocumentationPluginsBootstrapper[0;39m [2m:[0;39m Found 1 custom documentation plugin(s)
[2m2021-05-04 00:39:38.975[0;39m [32m INFO[0;39m [35m1[0;39m [2m---[0;39m [2m[           main][0;39m [36ms.d.s.w.s.ApiListingReferenceScanner    [0;39m [2m:[0;39m Scanning for api listing references
[2m2021-05-04 00:39:39.009[0;39m [33m WARN[0;39m [35m1[0;39m [2m---[0;39m [2m[           main][0;39m [36ms.d.s.w.r.p.ParameterDataTypeReader     [0;39m [2m:[0;39m Trying to infer dataType java.util.List<org.springframework.web.multipart.MultipartFile>
[2m2021-05-04 00:39:39.069[0;39m [32m INFO[0;39m [35m1[0;39m [2m---[0;39m [2m[           main][0;39m [36mcom.tmi.tmi.TmiApplication              [0;39m [2m:[0;39m Started TmiApplication in 3.115 seconds (JVM running for 3.52)
[2m2021-05-04 00:39:55.312[0;39m [32m INFO[0;39m [35m1[0;39m [2m---[0;39m [2m[nio-8080-exec-1][0;39m [36mo.a.c.c.C.[Tomcat].[localhost].[/]      [0;39m [2m:[0;39m Initializing Spring DispatcherServlet 'dispatcherServlet'
[2m2021-05-04 00:39:55.312[0;39m [32m INFO[0;39m [35m1[0;39m [2m---[0;39m [2m[nio-8080-exec-1][0;39m [36mo.s.web.servlet.DispatcherServlet       [0;39m [2m:[0;39m Initializing Servlet 'dispatcherServlet'
[2m2021-05-04 00:39:55.313[0;39m [32m INFO[0;39m [35m1[0;39m [2m---[0;39m [2m[nio-8080-exec-1][0;39m [36mo.s.web.servlet.DispatcherServlet       [0;39m [2m:[0;39m Completed initialization in 1 ms
